<?xml version="1.0" encoding="utf-8"?><testsuites name="pytest tests"><testsuite name="pytest" errors="0" failures="1" skipped="0" tests="8" time="11.372" timestamp="2026-08-25T20:10:02.657386+00:00" hostname="agent-env-c7d54516-d522-4d1b-8983-00673a9efdde"><testcase classname="tests.test_direktor_replacement_scope" name="test_prestanak_signature_keeps_izvrsni_direktor" time="2.051" /><testcase classname="tests.test_direktor_replacement_scope" name="test_prestanak_signature_other_position" time="1.504" /><testcase classname="tests.test_direktor_replacement_scope" name="test_odluka_imenovanje_direktora_with_director" time="1.118" /><testcase classname="tests.test_direktor_replacement_scope" name="test_imenovanje_pozar_signature_label" time="1.263" /><testcase classname="tests.test_direktor_replacement_scope" name="test_imenovanje_mobing_signature_label" time="1.150" /><testcase classname="tests.test_direktor_replacement_scope" name="test_imenovanje_zastita_na_radu_signature_label" time="1.121" /><testcase classname="tests.test_direktor_replacement_scope" name="test_ugovor_o_radu_direktor_generates" time="1.131"><failure message="AssertionError: Employee name missing. Paragraphs: ['Na osnovu člana 39 Zakona o Radu (&quot;Službenom listu CG&quot;, br. 74/2019, 8/2021, 59/2021, 68/2021, 145/2021, 77/2024, 84/2024 - drugi zakon, 86/2024, 122/2025 (u primeni od 1.12.2026. godine), 165/2025 i 51/2026. Vidi: Odluku US CG - 30/2026.) i Zakona o zabrani zlostavljanja na radu (&quot;Službenom listu CG&quot;, br. 30/2012, 54/2016 i 84/2024 - drugi zakon)  zaključuje se:', 'UGOVOR O RADU ', 'zaključen izmedju', '1.  \t DOO &quot;CASTELLOTRIO&quot; ZA PROIZVODNJU, PROMET I USLUGE, EXPORT-IMPORT ULCINJ  PIB: 03765873,sjedište: Ulcinj', 'Zasniva radni odnos sa ', 'EDONA OSMANOVIĆ  , jmb:0303987220166,  SSS', '(ime i prezime,jmb,stručna sprema)', '', 'Sa prebivalištem u Ulcinj ,', 'Na radnom mjestu:PRODAVAC', '2. Zaposleni zasniva radni odnos na  određeno vrijeme rada i to od  01.01.2026 - 30.09.2026 godine.', '3. Zaposleni zasniva radni odnos sa punim radnim vremenom u trajanju od 40 sati nedeljno. ', '4. Zaposleni je dužan da stupi na rad  01.01.2026', '\t\t\t\t(dan, mjesec, godina)', '5. Zaposleni će obavljati poslove u Ulcinju.', '\t\t                    (mjesto rada)', '6. Poslodavac se obavezuje da odmah po stupanju na rad podnese pismene prijave na obavezno socijalno osiguranje i blagovremeno uplaćuje doprinose za penziono, invalidsko i zdravstveno osiguranje i osiguranje za slučaj nezaposlenosti. ', '7. Zaposleni prihvata da u toku rada može da bude raspoređen na drugo radno mjesto, odnosno u drugo mjesto rada u skladu sa kolektivnim ugovorom. ', '8. Zarada zaposlenog određuje se na osnovu minimalne zarade u Crnu Goru. Zarada zaposlenog utvrđena je u neto iznosu od 600.00 euro i isplaćivaće se najkasnije do 10 u mjesecu za prethodni mjesec.', '9. Zaposleni ima pravo da dodatke, naknade i druga primanja u skladu sa Zakonom i Kolektivnim ugovorom. ']&#10;assert 'TEST PRODAVACSEDAM' in 'NA OSNOVU ČLANA 39 ZAKONA O RADU (&quot;SLUŽBENOM LISTU CG&quot;, BR. 74/2019, 8/2021, 59/2021, 68/2021, 145/2021, 77/2024, 84/2024 - DRUGI ZAKON, 86/2024, 122/2025 (U PRIMENI OD 1.12.2026. GODINE), 165/2025 I 51/2026. VIDI: ODLUKU US CG - 30/2026.) I ZAKONA O ZABRANI ZLOSTAVLJANJA NA RADU (&quot;SLUŽBENOM LISTU CG&quot;, BR. 30/2012, 54/2016 I 84/2024 - DRUGI ZAKON)  ZAKLJUČUJE SE:\nUGOVOR O RADU \nZAKLJUČEN IZMEDJU\n1.  \t DOO &quot;CASTELLOTRIO&quot; ZA PROIZVODNJU, PROMET I USLUGE, EXPORT-IMPORT ULCINJ  PIB: 03765873,SJEDIŠTE: ULCINJ\nZASNIVA RADNI ODNOS SA \nEDONA OSMANOVIĆ  , JMB:0303987220166,  SSS\n(IME I PREZIME,JMB,STRUČNA SPREMA)\n\nSA PREBIVALIŠTEM U ULCINJ ,\nNA RADNOM MJESTU:PRODAVAC\n2. ZAPOSLENI ZASNIVA RADNI ODNOS NA  ODREĐENO VRIJEME RADA I TO OD  01.01.2026 - 30.09.2026 GODINE.\n3. ZAPOSLENI ZASNIVA RADNI ODNOS SA PUNIM RADNIM VREMENOM U TRAJANJU OD 40 SATI NEDELJNO. \n4. ZAPOSLENI JE DUŽAN DA STUPI NA RAD  01.01.2026\n\t\t\t\t(DAN, MJESEC, GODINA)\n5. ZAPOSLENI ĆE OBAVLJATI POSLOVE U ULCINJU.\n\t\t                    (MJESTO RADA)\n6. POSLODAVAC SE OBAVEZUJE DA ODMAH PO STUPANJU NA RAD PODNESE PISMENE PRIJAVE NA OBAVEZNO SOCIJALNO OSIGURANJE I BLAGOVREMENO UPLAĆUJE DOPRINOSE ZA PENZIONO, ...IM UGOVOROM. \n8. ZARADA ZAPOSLENOG ODREĐUJE SE NA OSNOVU MINIMALNE ZARADE U CRNU GORU. ZARADA ZAPOSLENOG UTVRĐENA JE U NETO IZNOSU OD 600.00 EURO I ISPLAĆIVAĆE SE NAJKASNIJE DO 10 U MJESECU ZA PRETHODNI MJESEC.\n9. ZAPOSLENI IMA PRAVO DA DODATKE, NAKNADE I DRUGA PRIMANJA U SKLADU SA ZAKONOM I KOLEKTIVNIM UGOVOROM. \n10. POSLODAVAC SE OBAVEZUJE DA OBEZBIJEDI I SPROVODI ZAŠTITU NA RADU U SKLADU SA ZAKONOM, PROPISANIM MJERAMA I ROMATIVIMA ZAŠTITE NA RADU, AKTOM POSLODAVCA ODNOSTNO KOLEKTIVNOG UGOVORA. \n\n11. ZAPOSLENI JE DUŽAN DA SE PRIDRŽAVA PROPISANIH MJERA ZAŠTITE NA RADU. \n\n12. ZAPOSLENI I POSLODAVAC PRIHVATAJU SVA PRAVA, OBAVEZE I ODGOVORNOSTI UTVRĐENE ZAKONOM I KOLEKTIVNIM UGOVOROM. \n\n13. SVAKA OD UGOVORENIH STRANA MOŽE DA OTKAŽE OVAJ UGOVOR, POD USLOVOM I SLUČAJEVIMA UTVRĐENIM ZAKONOM, ODNOSNO KOLEKTIVNIM UGOVOROM. \n\n14. ZAPOSLENI IMA PRAVO I DUŽNOSTI DA OSTANE NA RADU U TRAJANJU OD 30 DANA OD DANA DOSTAVLJANJA OTKAZA UGOVORA O RADU. \n\n15. OVAJ UGOVOR JE SAČINJEN U 4 ISTOVJETNA PRIMJERKA OD KOJIH PO 2 PRIMJERKA ZADRŽAVA SVAKA OD UGOVORENIH STRANA. \n\n\nU ULCINJU , DANA 01.01.2026\n\n\nZAPOSLENI\t\tPOSLODAVAC\n\n_______________________\tM.P.\t_______________________'&#10; +  where 'NA OSNOVU ČLANA 39 ZAKONA O RADU (&quot;SLUŽBENOM LISTU CG&quot;, BR. 74/2019, 8/2021, 59/2021, 68/2021, 145/2021, 77/2024, 84/2024 - DRUGI ZAKON, 86/2024, 122/2025 (U PRIMENI OD 1.12.2026. GODINE), 165/2025 I 51/2026. VIDI: ODLUKU US CG - 30/2026.) I ZAKONA O ZABRANI ZLOSTAVLJANJA NA RADU (&quot;SLUŽBENOM LISTU CG&quot;, BR. 30/2012, 54/2016 I 84/2024 - DRUGI ZAKON)  ZAKLJUČUJE SE:\nUGOVOR O RADU \nZAKLJUČEN IZMEDJU\n1.  \t DOO &quot;CASTELLOTRIO&quot; ZA PROIZVODNJU, PROMET I USLUGE, EXPORT-IMPORT ULCINJ  PIB: 03765873,SJEDIŠTE: ULCINJ\nZASNIVA RADNI ODNOS SA \nEDONA OSMANOVIĆ  , JMB:0303987220166,  SSS\n(IME I PREZIME,JMB,STRUČNA SPREMA)\n\nSA PREBIVALIŠTEM U ULCINJ ,\nNA RADNOM MJESTU:PRODAVAC\n2. ZAPOSLENI ZASNIVA RADNI ODNOS NA  ODREĐENO VRIJEME RADA I TO OD  01.01.2026 - 30.09.2026 GODINE.\n3. ZAPOSLENI ZASNIVA RADNI ODNOS SA PUNIM RADNIM VREMENOM U TRAJANJU OD 40 SATI NEDELJNO. \n4. ZAPOSLENI JE DUŽAN DA STUPI NA RAD  01.01.2026\n\t\t\t\t(DAN, MJESEC, GODINA)\n5. ZAPOSLENI ĆE OBAVLJATI POSLOVE U ULCINJU.\n\t\t                    (MJESTO RADA)\n6. POSLODAVAC SE OBAVEZUJE DA ODMAH PO STUPANJU NA RAD PODNESE PISMENE PRIJAVE NA OBAVEZNO SOCIJALNO OSIGURANJE I BLAGOVREMENO UPLAĆUJE DOPRINOSE ZA PENZIONO, ...IM UGOVOROM. \n8. ZARADA ZAPOSLENOG ODREĐUJE SE NA OSNOVU MINIMALNE ZARADE U CRNU GORU. ZARADA ZAPOSLENOG UTVRĐENA JE U NETO IZNOSU OD 600.00 EURO I ISPLAĆIVAĆE SE NAJKASNIJE DO 10 U MJESECU ZA PRETHODNI MJESEC.\n9. ZAPOSLENI IMA PRAVO DA DODATKE, NAKNADE I DRUGA PRIMANJA U SKLADU SA ZAKONOM I KOLEKTIVNIM UGOVOROM. \n10. POSLODAVAC SE OBAVEZUJE DA OBEZBIJEDI I SPROVODI ZAŠTITU NA RADU U SKLADU SA ZAKONOM, PROPISANIM MJERAMA I ROMATIVIMA ZAŠTITE NA RADU, AKTOM POSLODAVCA ODNOSTNO KOLEKTIVNOG UGOVORA. \n\n11. ZAPOSLENI JE DUŽAN DA SE PRIDRŽAVA PROPISANIH MJERA ZAŠTITE NA RADU. \n\n12. ZAPOSLENI I POSLODAVAC PRIHVATAJU SVA PRAVA, OBAVEZE I ODGOVORNOSTI UTVRĐENE ZAKONOM I KOLEKTIVNIM UGOVOROM. \n\n13. SVAKA OD UGOVORENIH STRANA MOŽE DA OTKAŽE OVAJ UGOVOR, POD USLOVOM I SLUČAJEVIMA UTVRĐENIM ZAKONOM, ODNOSNO KOLEKTIVNIM UGOVOROM. \n\n14. ZAPOSLENI IMA PRAVO I DUŽNOSTI DA OSTANE NA RADU U TRAJANJU OD 30 DANA OD DANA DOSTAVLJANJA OTKAZA UGOVORA O RADU. \n\n15. OVAJ UGOVOR JE SAČINJEN U 4 ISTOVJETNA PRIMJERKA OD KOJIH PO 2 PRIMJERKA ZADRŽAVA SVAKA OD UGOVORENIH STRANA. \n\n\nU ULCINJU , DANA 01.01.2026\n\n\nZAPOSLENI\t\tPOSLODAVAC\n\n_______________________\tM.P.\t_______________________' = &lt;built-in method upper of str object at 0xb13837083d60&gt;()&#10; +    where &lt;built-in method upper of str object at 0xb13837083d60&gt; = 'Na osnovu člana 39 Zakona o Radu (&quot;Službenom listu CG&quot;, br. 74/2019, 8/2021, 59/2021, 68/2021, 145/2021, 77/2024, 84/2024 - drugi zakon, 86/2024, 122/2025 (u primeni od 1.12.2026. godine), 165/2025 i 51/2026. Vidi: Odluku US CG - 30/2026.) i Zakona o zabrani zlostavljanja na radu (&quot;Službenom listu CG&quot;, br. 30/2012, 54/2016 i 84/2024 - drugi zakon)  zaključuje se:\nUGOVOR O RADU \nzaključen izmedju\n1.  \t DOO &quot;CASTELLOTRIO&quot; ZA PROIZVODNJU, PROMET I USLUGE, EXPORT-IMPORT ULCINJ  PIB: 03765873,sjedište: Ulcinj\nZasniva radni odnos sa \nEDONA OSMANOVIĆ  , jmb:0303987220166,  SSS\n(ime i prezime,jmb,stručna sprema)\n\nSa prebivalištem u Ulcinj ,\nNa radnom mjestu:PRODAVAC\n2. Zaposleni zasniva radni odnos na  određeno vrijeme rada i to od  01.01.2026 - 30.09.2026 godine.\n3. Zaposleni zasniva radni odnos sa punim radnim vremenom u trajanju od 40 sati nedeljno. \n4. Zaposleni je dužan da stupi na rad  01.01.2026\n\t\t\t\t(dan, mjesec, godina)\n5. Zaposleni će obavljati poslove u Ulcinju.\n\t\t                    (mjesto rada)\n6. Poslodavac se obavezuje da odmah po stupanju na rad podnese pismene prijave na obavezno socijalno osiguranje i blagovremeno uplaćuje doprinose za penziono, ...im ugovorom. \n8. Zarada zaposlenog određuje se na osnovu minimalne zarade u Crnu Goru. Zarada zaposlenog utvrđena je u neto iznosu od 600.00 euro i isplaćivaće se najkasnije do 10 u mjesecu za prethodni mjesec.\n9. Zaposleni ima pravo da dodatke, naknade i druga primanja u skladu sa Zakonom i Kolektivnim ugovorom. \n10. Poslodavac se obavezuje da obezbijedi i sprovodi zaštitu na radu u skladu sa zakonom, propisanim mjerama i romativima zaštite na radu, aktom poslodavca odnostno Kolektivnog ugovora. \n\n11. Zaposleni je dužan da se pridržava propisanih mjera zaštite na radu. \n\n12. Zaposleni i poslodavac prihvataju sva prava, obaveze i odgovornosti utvrđene Zakonom i Kolektivnim ugovorom. \n\n13. Svaka od ugovorenih strana može da otkaže ovaj ugovor, pod uslovom i slučajevima utvrđenim Zakonom, odnosno Kolektivnim ugovorom. \n\n14. Zaposleni ima pravo i dužnosti da ostane na radu u trajanju od 30 dana od dana dostavljanja otkaza Ugovora o radu. \n\n15. Ovaj ugovor je sačinjen u 4 istovjetna primjerka od kojih po 2 primjerka zadržava svaka od ugovorenih strana. \n\n\nU Ulcinju , dana 01.01.2026\n\n\nZaposleni\t\tPoslodavac\n\n_______________________\tM.P.\t_______________________'.upper">tests/test_direktor_replacement_scope.py:215: in test_ugovor_o_radu_direktor_generates
    assert "TEST PRODAVACSEDAM" in joined.upper(), f"Employee name missing. Paragraphs: {texts[:20]}"
E   AssertionError: Employee name missing. Paragraphs: ['Na osnovu člana 39 Zakona o Radu ("Službenom listu CG", br. 74/2019, 8/2021, 59/2021, 68/2021, 145/2021, 77/2024, 84/2024 - drugi zakon, 86/2024, 122/2025 (u primeni od 1.12.2026. godine), 165/2025 i 51/2026. Vidi: Odluku US CG - 30/2026.) i Zakona o zabrani zlostavljanja na radu ("Službenom listu CG", br. 30/2012, 54/2016 i 84/2024 - drugi zakon)  zaključuje se:', 'UGOVOR O RADU ', 'zaključen izmedju', '1.  \t DOO "CASTELLOTRIO" ZA PROIZVODNJU, PROMET I USLUGE, EXPORT-IMPORT ULCINJ  PIB: 03765873,sjedište: Ulcinj', 'Zasniva radni odnos sa ', 'EDONA OSMANOVIĆ  , jmb:0303987220166,  SSS', '(ime i prezime,jmb,stručna sprema)', '', 'Sa prebivalištem u Ulcinj ,', 'Na radnom mjestu:PRODAVAC', '2. Zaposleni zasniva radni odnos na  određeno vrijeme rada i to od  01.01.2026 - 30.09.2026 godine.', '3. Zaposleni zasniva radni odnos sa punim radnim vremenom u trajanju od 40 sati nedeljno. ', '4. Zaposleni je dužan da stupi na rad  01.01.2026', '\t\t\t\t(dan, mjesec, godina)', '5. Zaposleni će obavljati poslove u Ulcinju.', '\t\t                    (mjesto rada)', '6. Poslodavac se obavezuje da odmah po stupanju na rad podnese pismene prijave na obavezno socijalno osiguranje i blagovremeno uplaćuje doprinose za penziono, invalidsko i zdravstveno osiguranje i osiguranje za slučaj nezaposlenosti. ', '7. Zaposleni prihvata da u toku rada može da bude raspoređen na drugo radno mjesto, odnosno u drugo mjesto rada u skladu sa kolektivnim ugovorom. ', '8. Zarada zaposlenog određuje se na osnovu minimalne zarade u Crnu Goru. Zarada zaposlenog utvrđena je u neto iznosu od 600.00 euro i isplaćivaće se najkasnije do 10 u mjesecu za prethodni mjesec.', '9. Zaposleni ima pravo da dodatke, naknade i druga primanja u skladu sa Zakonom i Kolektivnim ugovorom. ']
E   assert 'TEST PRODAVACSEDAM' in 'NA OSNOVU ČLANA 39 ZAKONA O RADU ("SLUŽBENOM LISTU CG", BR. 74/2019, 8/2021, 59/2021, 68/2021, 145/2021, 77/2024, 84/2024 - DRUGI ZAKON, 86/2024, 122/2025 (U PRIMENI OD 1.12.2026. GODINE), 165/2025 I 51/2026. VIDI: ODLUKU US CG - 30/2026.) I ZAKONA O ZABRANI ZLOSTAVLJANJA NA RADU ("SLUŽBENOM LISTU CG", BR. 30/2012, 54/2016 I 84/2024 - DRUGI ZAKON)  ZAKLJUČUJE SE:\nUGOVOR O RADU \nZAKLJUČEN IZMEDJU\n1.  \t DOO "CASTELLOTRIO" ZA PROIZVODNJU, PROMET I USLUGE, EXPORT-IMPORT ULCINJ  PIB: 03765873,SJEDIŠTE: ULCINJ\nZASNIVA RADNI ODNOS SA \nEDONA OSMANOVIĆ  , JMB:0303987220166,  SSS\n(IME I PREZIME,JMB,STRUČNA SPREMA)\n\nSA PREBIVALIŠTEM U ULCINJ ,\nNA RADNOM MJESTU:PRODAVAC\n2. ZAPOSLENI ZASNIVA RADNI ODNOS NA  ODREĐENO VRIJEME RADA I TO OD  01.01.2026 - 30.09.2026 GODINE.\n3. ZAPOSLENI ZASNIVA RADNI ODNOS SA PUNIM RADNIM VREMENOM U TRAJANJU OD 40 SATI NEDELJNO. \n4. ZAPOSLENI JE DUŽAN DA STUPI NA RAD  01.01.2026\n\t\t\t\t(DAN, MJESEC, GODINA)\n5. ZAPOSLENI ĆE OBAVLJATI POSLOVE U ULCINJU.\n\t\t                    (MJESTO RADA)\n6. POSLODAVAC SE OBAVEZUJE DA ODMAH PO STUPANJU NA RAD PODNESE PISMENE PRIJAVE NA OBAVEZNO SOCIJALNO OSIGURANJE I BLAGOVREMENO UPLAĆUJE DOPRINOSE ZA PENZIONO, ...IM UGOVOROM. \n8. ZARADA ZAPOSLENOG ODREĐUJE SE NA OSNOVU MINIMALNE ZARADE U CRNU GORU. ZARADA ZAPOSLENOG UTVRĐENA JE U NETO IZNOSU OD 600.00 EURO I ISPLAĆIVAĆE SE NAJKASNIJE DO 10 U MJESECU ZA PRETHODNI MJESEC.\n9. ZAPOSLENI IMA PRAVO DA DODATKE, NAKNADE I DRUGA PRIMANJA U SKLADU SA ZAKONOM I KOLEKTIVNIM UGOVOROM. \n10. POSLODAVAC SE OBAVEZUJE DA OBEZBIJEDI I SPROVODI ZAŠTITU NA RADU U SKLADU SA ZAKONOM, PROPISANIM MJERAMA I ROMATIVIMA ZAŠTITE NA RADU, AKTOM POSLODAVCA ODNOSTNO KOLEKTIVNOG UGOVORA. \n\n11. ZAPOSLENI JE DUŽAN DA SE PRIDRŽAVA PROPISANIH MJERA ZAŠTITE NA RADU. \n\n12. ZAPOSLENI I POSLODAVAC PRIHVATAJU SVA PRAVA, OBAVEZE I ODGOVORNOSTI UTVRĐENE ZAKONOM I KOLEKTIVNIM UGOVOROM. \n\n13. SVAKA OD UGOVORENIH STRANA MOŽE DA OTKAŽE OVAJ UGOVOR, POD USLOVOM I SLUČAJEVIMA UTVRĐENIM ZAKONOM, ODNOSNO KOLEKTIVNIM UGOVOROM. \n\n14. ZAPOSLENI IMA PRAVO I DUŽNOSTI DA OSTANE NA RADU U TRAJANJU OD 30 DANA OD DANA DOSTAVLJANJA OTKAZA UGOVORA O RADU. \n\n15. OVAJ UGOVOR JE SAČINJEN U 4 ISTOVJETNA PRIMJERKA OD KOJIH PO 2 PRIMJERKA ZADRŽAVA SVAKA OD UGOVORENIH STRANA. \n\n\nU ULCINJU , DANA 01.01.2026\n\n\nZAPOSLENI\t\tPOSLODAVAC\n\n_______________________\tM.P.\t_______________________'
E    +  where 'NA OSNOVU ČLANA 39 ZAKONA O RADU ("SLUŽBENOM LISTU CG", BR. 74/2019, 8/2021, 59/2021, 68/2021, 145/2021, 77/2024, 84/2024 - DRUGI ZAKON, 86/2024, 122/2025 (U PRIMENI OD 1.12.2026. GODINE), 165/2025 I 51/2026. VIDI: ODLUKU US CG - 30/2026.) I ZAKONA O ZABRANI ZLOSTAVLJANJA NA RADU ("SLUŽBENOM LISTU CG", BR. 30/2012, 54/2016 I 84/2024 - DRUGI ZAKON)  ZAKLJUČUJE SE:\nUGOVOR O RADU \nZAKLJUČEN IZMEDJU\n1.  \t DOO "CASTELLOTRIO" ZA PROIZVODNJU, PROMET I USLUGE, EXPORT-IMPORT ULCINJ  PIB: 03765873,SJEDIŠTE: ULCINJ\nZASNIVA RADNI ODNOS SA \nEDONA OSMANOVIĆ  , JMB:0303987220166,  SSS\n(IME I PREZIME,JMB,STRUČNA SPREMA)\n\nSA PREBIVALIŠTEM U ULCINJ ,\nNA RADNOM MJESTU:PRODAVAC\n2. ZAPOSLENI ZASNIVA RADNI ODNOS NA  ODREĐENO VRIJEME RADA I TO OD  01.01.2026 - 30.09.2026 GODINE.\n3. ZAPOSLENI ZASNIVA RADNI ODNOS SA PUNIM RADNIM VREMENOM U TRAJANJU OD 40 SATI NEDELJNO. \n4. ZAPOSLENI JE DUŽAN DA STUPI NA RAD  01.01.2026\n\t\t\t\t(DAN, MJESEC, GODINA)\n5. ZAPOSLENI ĆE OBAVLJATI POSLOVE U ULCINJU.\n\t\t                    (MJESTO RADA)\n6. POSLODAVAC SE OBAVEZUJE DA ODMAH PO STUPANJU NA RAD PODNESE PISMENE PRIJAVE NA OBAVEZNO SOCIJALNO OSIGURANJE I BLAGOVREMENO UPLAĆUJE DOPRINOSE ZA PENZIONO, ...IM UGOVOROM. \n8. ZARADA ZAPOSLENOG ODREĐUJE SE NA OSNOVU MINIMALNE ZARADE U CRNU GORU. ZARADA ZAPOSLENOG UTVRĐENA JE U NETO IZNOSU OD 600.00 EURO I ISPLAĆIVAĆE SE NAJKASNIJE DO 10 U MJESECU ZA PRETHODNI MJESEC.\n9. ZAPOSLENI IMA PRAVO DA DODATKE, NAKNADE I DRUGA PRIMANJA U SKLADU SA ZAKONOM I KOLEKTIVNIM UGOVOROM. \n10. POSLODAVAC SE OBAVEZUJE DA OBEZBIJEDI I SPROVODI ZAŠTITU NA RADU U SKLADU SA ZAKONOM, PROPISANIM MJERAMA I ROMATIVIMA ZAŠTITE NA RADU, AKTOM POSLODAVCA ODNOSTNO KOLEKTIVNOG UGOVORA. \n\n11. ZAPOSLENI JE DUŽAN DA SE PRIDRŽAVA PROPISANIH MJERA ZAŠTITE NA RADU. \n\n12. ZAPOSLENI I POSLODAVAC PRIHVATAJU SVA PRAVA, OBAVEZE I ODGOVORNOSTI UTVRĐENE ZAKONOM I KOLEKTIVNIM UGOVOROM. \n\n13. SVAKA OD UGOVORENIH STRANA MOŽE DA OTKAŽE OVAJ UGOVOR, POD USLOVOM I SLUČAJEVIMA UTVRĐENIM ZAKONOM, ODNOSNO KOLEKTIVNIM UGOVOROM. \n\n14. ZAPOSLENI IMA PRAVO I DUŽNOSTI DA OSTANE NA RADU U TRAJANJU OD 30 DANA OD DANA DOSTAVLJANJA OTKAZA UGOVORA O RADU. \n\n15. OVAJ UGOVOR JE SAČINJEN U 4 ISTOVJETNA PRIMJERKA OD KOJIH PO 2 PRIMJERKA ZADRŽAVA SVAKA OD UGOVORENIH STRANA. \n\n\nU ULCINJU , DANA 01.01.2026\n\n\nZAPOSLENI\t\tPOSLODAVAC\n\n_______________________\tM.P.\t_______________________' = &lt;built-in method upper of str object at 0xb13837083d60&gt;()
E    +    where &lt;built-in method upper of str object at 0xb13837083d60&gt; = 'Na osnovu člana 39 Zakona o Radu ("Službenom listu CG", br. 74/2019, 8/2021, 59/2021, 68/2021, 145/2021, 77/2024, 84/2024 - drugi zakon, 86/2024, 122/2025 (u primeni od 1.12.2026. godine), 165/2025 i 51/2026. Vidi: Odluku US CG - 30/2026.) i Zakona o zabrani zlostavljanja na radu ("Službenom listu CG", br. 30/2012, 54/2016 i 84/2024 - drugi zakon)  zaključuje se:\nUGOVOR O RADU \nzaključen izmedju\n1.  \t DOO "CASTELLOTRIO" ZA PROIZVODNJU, PROMET I USLUGE, EXPORT-IMPORT ULCINJ  PIB: 03765873,sjedište: Ulcinj\nZasniva radni odnos sa \nEDONA OSMANOVIĆ  , jmb:0303987220166,  SSS\n(ime i prezime,jmb,stručna sprema)\n\nSa prebivalištem u Ulcinj ,\nNa radnom mjestu:PRODAVAC\n2. Zaposleni zasniva radni odnos na  određeno vrijeme rada i to od  01.01.2026 - 30.09.2026 godine.\n3. Zaposleni zasniva radni odnos sa punim radnim vremenom u trajanju od 40 sati nedeljno. \n4. Zaposleni je dužan da stupi na rad  01.01.2026\n\t\t\t\t(dan, mjesec, godina)\n5. Zaposleni će obavljati poslove u Ulcinju.\n\t\t                    (mjesto rada)\n6. Poslodavac se obavezuje da odmah po stupanju na rad podnese pismene prijave na obavezno socijalno osiguranje i blagovremeno uplaćuje doprinose za penziono, ...im ugovorom. \n8. Zarada zaposlenog određuje se na osnovu minimalne zarade u Crnu Goru. Zarada zaposlenog utvrđena je u neto iznosu od 600.00 euro i isplaćivaće se najkasnije do 10 u mjesecu za prethodni mjesec.\n9. Zaposleni ima pravo da dodatke, naknade i druga primanja u skladu sa Zakonom i Kolektivnim ugovorom. \n10. Poslodavac se obavezuje da obezbijedi i sprovodi zaštitu na radu u skladu sa zakonom, propisanim mjerama i romativima zaštite na radu, aktom poslodavca odnostno Kolektivnog ugovora. \n\n11. Zaposleni je dužan da se pridržava propisanih mjera zaštite na radu. \n\n12. Zaposleni i poslodavac prihvataju sva prava, obaveze i odgovornosti utvrđene Zakonom i Kolektivnim ugovorom. \n\n13. Svaka od ugovorenih strana može da otkaže ovaj ugovor, pod uslovom i slučajevima utvrđenim Zakonom, odnosno Kolektivnim ugovorom. \n\n14. Zaposleni ima pravo i dužnosti da ostane na radu u trajanju od 30 dana od dana dostavljanja otkaza Ugovora o radu. \n\n15. Ovaj ugovor je sačinjen u 4 istovjetna primjerka od kojih po 2 primjerka zadržava svaka od ugovorenih strana. \n\n\nU Ulcinju , dana 01.01.2026\n\n\nZaposleni\t\tPoslodavac\n\n_______________________\tM.P.\t_______________________'.upper</failure></testcase><testcase classname="tests.test_direktor_replacement_scope" name="test_ugovor_o_radu_direktor_with_director_employee" time="1.917" /></testsuite></testsuites>