<?xml version="1.0" encoding="utf-8"?><testsuites name="pytest tests"><testsuite name="pytest" errors="0" failures="0" skipped="0" tests="82" time="49.786" timestamp="2026-08-25T20:11:25.237360+00:00" hostname="agent-env-c7d54516-d522-4d1b-8983-00673a9efdde"><testcase classname="tests.backend_test.TestAuth" name="test_login_success" time="0.632" /><testcase classname="tests.backend_test.TestAuth" name="test_login_wrong_password" time="0.548" /><testcase classname="tests.backend_test.TestAuth" name="test_login_unknown_user" time="0.230" /><testcase classname="tests.backend_test.TestAuth" name="test_me_with_token" time="0.665" /><testcase classname="tests.backend_test.TestAuth" name="test_me_without_token" time="0.200" /><testcase classname="tests.backend_test.TestAgency" name="test_get_agency_returns_default" time="0.264" /><testcase classname="tests.backend_test.TestAgency" name="test_update_agency" time="0.661" /><testcase classname="tests.backend_test.TestCompanies" name="test_create_get_update_delete" time="1.371" /><testcase classname="tests.backend_test.TestCompanies" name="test_duplicate_pib_returns_400" time="0.489" /><testcase classname="tests.backend_test.TestCompanies" name="test_search_filter" time="0.206" /><testcase classname="tests.backend_test.TestCompanies" name="test_pdv_only_filter" time="0.195" /><testcase classname="tests.backend_test.TestCompanies" name="test_ioppd_only_filter" time="2.284" /><testcase classname="tests.backend_test.TestIRMS" name="test_lookup_valid_pib_does_not_crash" time="0.866" /><testcase classname="tests.backend_test.TestIRMS" name="test_lookup_invalid_pib_returns_400" time="0.145" /><testcase classname="tests.backend_test.TestIRMS" name="test_lookup_empty_pib_returns_400" time="0.147" /><testcase classname="tests.backend_test.TestEmployees" name="test_employee_crud" time="0.928" /><testcase classname="tests.backend_test.TestEmployees" name="test_employee_invalid_company_returns_400" time="0.169" /><testcase classname="tests.backend_test.TestTemplates" name="test_list_templates" time="0.263" /><testcase classname="tests.backend_test.TestDocumentGeneration" name="test_generate_and_download" time="1.268" /><testcase classname="tests.backend_test.TestDocumentGeneration" name="test_generate_unknown_template_returns_404" time="0.151" /><testcase classname="tests.backend_test.TestDocumentGeneration" name="test_generate_non_docx_returns_400" time="0.310" /><testcase classname="tests.backend_test.TestPDVTracking" name="test_get_pdv_tracking" time="0.181" /><testcase classname="tests.backend_test.TestPDVTracking" name="test_update_pdv_tracking" time="0.622" /><testcase classname="tests.backend_test.TestStats" name="test_stats_shape" time="0.124" /><testcase classname="tests.test_companies_lookup" name="test_create_company_unique_pib" time="1.079" /><testcase classname="tests.test_companies_lookup" name="test_create_company_existing_pib_returns_400" time="0.190" /><testcase classname="tests.test_companies_lookup" name="test_lookup_pib_existing_graceful" time="0.808" /><testcase classname="tests.test_companies_lookup" name="test_lookup_pib_invalid_short" time="0.122" /><testcase classname="tests.test_direktor_replacement_scope" name="test_prestanak_signature_keeps_izvrsni_direktor" time="1.577" /><testcase classname="tests.test_direktor_replacement_scope" name="test_prestanak_signature_other_position" time="0.983" /><testcase classname="tests.test_direktor_replacement_scope" name="test_odluka_imenovanje_direktora_with_director" time="0.983" /><testcase classname="tests.test_direktor_replacement_scope" name="test_imenovanje_pozar_signature_label" time="0.994" /><testcase classname="tests.test_direktor_replacement_scope" name="test_imenovanje_mobing_signature_label" time="0.991" /><testcase classname="tests.test_direktor_replacement_scope" name="test_imenovanje_zastita_na_radu_signature_label" time="1.020" /><testcase classname="tests.test_direktor_replacement_scope" name="test_ugovor_o_radu_direktor_generates" time="0.989" /><testcase classname="tests.test_direktor_replacement_scope" name="test_ugovor_o_radu_direktor_with_director_employee" time="1.633" /><testcase classname="tests.test_document_generation.TestAuthAndTemplates" name="test_login" time="0.412" /><testcase classname="tests.test_document_generation.TestAuthAndTemplates" name="test_templates_count" time="0.560" /><testcase classname="tests.test_document_generation.TestMsg292DatumBehavior" name="test_obavjestenje_prigovora_one_page" time="1.116" /><testcase classname="tests.test_document_generation.TestMsg292DatumBehavior" name="test_rjesenje_godisnjeg_odmora_blank_datum" time="0.920" /><testcase classname="tests.test_document_generation.TestMsg292DatumBehavior" name="test_odluka_blagajnicki_maksimum_today" time="0.894" /><testcase classname="tests.test_document_generation.TestMsg292DatumBehavior" name="test_odluka_popust_prodavnicu_today" time="0.965" /><testcase classname="tests.test_document_generation.TestMsg292DatumBehavior" name="test_odluka_podizanje_novca_ziro_racun" time="0.837" /><testcase classname="tests.test_document_generation.TestMsg292DatumBehavior" name="test_rjesenje_prestanak_uses_datum_kraja" time="1.094" /><testcase classname="tests.test_document_generation.TestMsg292DatumBehavior" name="test_obrazlozenje_poreska" time="0.871" /><testcase classname="tests.test_document_generation.TestMsg292DatumBehavior" name="test_pojedinacno_obavjestenje_mobing" time="0.930" /><testcase classname="tests.test_document_generation.TestMsg292DatumBehavior" name="test_izjava_zaposlenog_upoznavanje" time="0.905" /><testcase classname="tests.test_document_generation.TestConvertedFromPdf" name="test_prijava_zanatstva" time="0.197" /><testcase classname="tests.test_document_generation.TestConvertedFromPdf" name="test_brisevi" time="0.184" /><testcase classname="tests.test_document_generation.TestConvertedFromPdf" name="test_hrana" time="0.166" /><testcase classname="tests.test_document_generation.TestConvertedFromPdf" name="test_voda" time="0.178" /><testcase classname="tests.test_document_generation.TestConvertedFromPdf" name="test_kazneno_fizicko_employee" time="0.938" /><testcase classname="tests.test_document_generation.TestConvertedFromPdf" name="test_registracija_bezbjednost_hrane" time="1.029" /><testcase classname="tests.test_document_generation.TestRegression" name="test_ugovor_o_radu_zaposlenih" time="0.863" /><testcase classname="tests.test_document_generation.TestRegression" name="test_aneks_generation" time="0.919" /><testcase classname="tests.test_dopunski_doo.TestDopunskiDooBug" name="test_no_double_doo" time="1.297" /><testcase classname="tests.test_dopunski_doo.TestDopunskiDooBug" name="test_clan_1_correct_poslodavca" time="0.128" /><testcase classname="tests.test_dopunski_doo.TestDopunskiDooBug" name="test_signature_has_naziv_skraceni" time="0.000" /><testcase classname="tests.test_dopunski_doo.TestDopunskiDooBug" name="test_no_regression_employee_name" time="0.103" /><testcase classname="tests.test_dopunski_doo.TestDopunskiDooBug" name="test_no_regression_primary_employer" time="0.001" /><testcase classname="tests.test_dopunski_doo.TestDopunskiDooBug" name="test_no_regression_dopunski_mjesto_rada" time="0.000" /><testcase classname="tests.test_dopunski_doo.TestDopunskiDooBug" name="test_no_regression_5_radnih_dana" time="0.000" /><testcase classname="tests.test_dopunski_doo.TestDopunskiDooBug" name="test_no_regression_do_10_u_mjesecu" time="0.001" /><testcase classname="tests.test_dopunski_doo.TestDopunskiDooBug" name="test_no_unresolved_placeholders" time="0.000" /><testcase classname="tests.test_dopunski_signature_wrap.TestSignatureWrapFix" name="test_label_paragraph_uses_tab" time="1.364" /><testcase classname="tests.test_dopunski_signature_wrap.TestSignatureWrapFix" name="test_name_paragraph_uses_tab" time="0.223" /><testcase classname="tests.test_dopunski_signature_wrap.TestSignatureWrapFix" name="test_no_placeholder_and_naziv_contiguous" time="0.011" /><testcase classname="tests.test_dopunski_signature_wrap.TestSignatureWrapFix" name="test_no_doo_doo_regression" time="0.011" /><testcase classname="tests.test_dopunski_signature_wrap.TestSignatureWrapFix" name="test_right_tab_stop_9071_in_name_paragraph_pPr" time="0.011" /><testcase classname="tests.test_dopunski_signature_wrap.TestSignatureWrapFix" name="test_right_tab_stop_in_label_paragraph_pPr" time="0.011" /><testcase classname="tests.test_rjesenje_prestanak_override" name="test_override_from_modal" time="1.480" /><testcase classname="tests.test_rjesenje_prestanak_override" name="test_employee_datum_prestanka_used" time="1.062" /><testcase classname="tests.test_rjesenje_prestanak_override" name="test_fallback_to_today" time="1.048" /><testcase classname="tests.test_rjesenje_prestanak_override" name="test_empty_override_falls_back_to_employee" time="1.325" /><testcase classname="tests.test_statut_izvrsni_direktor.TestStatutIzvrsniDirektor" name="test_no_izvrsn_substring_in_xml" time="0.005" /><testcase classname="tests.test_statut_izvrsni_direktor.TestStatutIzvrsniDirektor" name="test_no_izvrsn_in_paragraphs" time="0.039" /><testcase classname="tests.test_statut_izvrsni_direktor.TestStatutIzvrsniDirektor" name="test_direktora_drustva_phrase_present" time="0.000" /><testcase classname="tests.test_statut_izvrsni_direktor.TestStatutIzvrsniDirektor" name="test_direktor_mora_osigurati_phrase_present" time="0.000" /><testcase classname="tests.test_statut_izvrsni_direktor.TestStatutIzvrsniDirektor" name="test_direktor_word_still_present" time="0.000" /><testcase classname="tests.test_ugovor_signature_wrap.TestZaposlenihSignature" name="test_signature_paragraphs" time="1.299" /><testcase classname="tests.test_ugovor_signature_wrap.TestDirektorSignature" name="test_signature_paragraphs" time="0.840" /><testcase classname="tests.test_ugovor_signature_wrap.TestDopunskiRegression" name="test_no_doo_doo" time="1.067" /></testsuite></testsuites>