<?xml version="1.0" encoding="utf-8"?><testsuites name="pytest tests"><testsuite name="pytest" errors="0" failures="3" skipped="0" tests="19" time="15.956" timestamp="2026-05-21T15:00:42.781611+00:00" hostname="agent-env-c7d54516-d522-4d1b-8983-00673a9efdde"><testcase classname="backend.tests.test_document_generation.TestAuthAndTemplates" name="test_login" time="0.489" /><testcase classname="backend.tests.test_document_generation.TestAuthAndTemplates" name="test_templates_count_58" time="0.459" /><testcase classname="backend.tests.test_document_generation.TestMsg292DatumBehavior" name="test_obavjestenje_prigovora_one_page" time="1.064" /><testcase classname="backend.tests.test_document_generation.TestMsg292DatumBehavior" name="test_rjesenje_godisnjeg_odmora_blank_datum" time="0.896" /><testcase classname="backend.tests.test_document_generation.TestMsg292DatumBehavior" name="test_odluka_blagajnicki_maksimum_today" time="0.876" /><testcase classname="backend.tests.test_document_generation.TestMsg292DatumBehavior" name="test_odluka_popust_prodavnicu_today" time="0.895" /><testcase classname="backend.tests.test_document_generation.TestMsg292DatumBehavior" name="test_odluka_podizanje_novca_ziro_racun" time="0.775" /><testcase classname="backend.tests.test_document_generation.TestMsg292DatumBehavior" name="test_rjesenje_prestanak_uses_datum_kraja" time="1.030" /><testcase classname="backend.tests.test_document_generation.TestMsg292DatumBehavior" name="test_obrazlozenje_poreska" time="0.880" /><testcase classname="backend.tests.test_document_generation.TestMsg292DatumBehavior" name="test_pojedinacno_obavjestenje_mobing" time="0.895" /><testcase classname="backend.tests.test_document_generation.TestMsg292DatumBehavior" name="test_izjava_zaposlenog_upoznavanje" time="0.874" /><testcase classname="backend.tests.test_document_generation.TestConvertedFromPdf" name="test_prijava_zanatstva" time="0.910"><failure message="AssertionError: Expected company naziv in prijava_zanatstva&#10;assert False&#10; +  where False = _naziv_present('\n Sekretarijat za privredu i ekonomski razvoj \n Sekretariati për ekonomi dhe zhvillim ekonomik \n Br./Nr.: 08- _____ _____________ \n Ulcinj/Ulqin,                                                                                                           Obrazac/Formulari 01 \nSEKRETARIJAT ZA PRIVREDU I EKONOMSKI RAZVOJ \nSEKRETARIATI PËR EKONOMI DHE ZHVILLIM EKONOMIK \n(naziv organa kojem se podnosi prijave/emri i organit të cilit i paraqitet fletëparaqitja) \n\t\tULCINJ \n\t_______________________ \tsjedište organa/selia e organit PRIJAVA ZANATSTVA \n- početak obavljanja zanatstva/fillimi i ushtrimit të zejtarisë 1)      _______ \n- promjena podataka iz prijave/ndryshimi i të dhënave nga fletëparaqitja 2)   _______ \n1.Podaci o zanatliji/Të dhënat për zejtarin: \n1.1. Naziv/ime/Emri ________________________________________________________________ (Privredno društvo/preduzetnik/Shoqëria ekonomike/sipërmarrësi) \na. Sjedište/Selia _____________________ adresa__________________________________________ ULCINJ\n\t\t\t03719073  ____________ \tb. Broj i datum rješenja o upisu u Centralni Registar Privrednog Suda__________________________ Numri dhe data e aktvendimit të regjistrimit ...šenjem znaka X/Subjekti i fletëparaqitjes shënohet me shenjënX; \nPodaci o vrsti poslovne prostorije (tač. 2 i 3) popunjavaju se unošenjem znaka X na odgovarajućem mjestu/Të dhënat për ambientin afarist (pika 2 dhe 3) plotësohen duke shënuar shenjën X në vendin përkatës; \n***Izjava se odnosi i na uslove kod promjene podataka/Deklarata ka të bëjë edhe me kushtet te ndryshimi i të dhënave. \nDokaz o izvršenoj uplati administrativne takse od/Dëshminë e pagesës së taksës administrative prej 3,00 €, ŽR/XhLl 540-82567770-12 – Opština Ulcinj/Komuna e Ulqinit \n\nCRNA GORA                                                                                                     Adresa: Bul.Đ.Kastrioti Skenderbeg  MALI I ZI                                                                                                           85360  Ulcinj, Crna Gora  Opština Ulcinj                                                                                                     tel. 412-206 \n Komuna Ulqin                                                                                                     www.ul-gov.me \n- zanatska djelatnost/aktiviteti zejtar \n____________________________________________ ', {'adresa': 'BRAJSA BB', 'aktivna': True, 'banka': 'PRVA BANKA', 'created_at': '2026-05-21T13:11:39.267041+00:00', ...})&#10; +    where _naziv_present = &lt;test_document_generation.TestConvertedFromPdf object at 0xfd0cbefea0d0&gt;._naziv_present">E   AssertionError: Expected company naziv in prijava_zanatstva
    assert False
     +  where False = _naziv_present('\n Sekretarijat za privredu i ekonomski razvoj \n Sekretariati për ekonomi dhe zhvillim ekonomik \n Br./Nr.: 08- _____ _____________ \n Ulcinj/Ulqin,                                                                                                           Obrazac/Formulari 01 \nSEKRETARIJAT ZA PRIVREDU I EKONOMSKI RAZVOJ \nSEKRETARIATI PËR EKONOMI DHE ZHVILLIM EKONOMIK \n(naziv organa kojem se podnosi prijave/emri i organit të cilit i paraqitet fletëparaqitja) \n\t\tULCINJ \n\t_______________________ \tsjedište organa/selia e organit PRIJAVA ZANATSTVA \n- početak obavljanja zanatstva/fillimi i ushtrimit të zejtarisë 1)      _______ \n- promjena podataka iz prijave/ndryshimi i të dhënave nga fletëparaqitja 2)   _______ \n1.Podaci o zanatliji/Të dhënat për zejtarin: \n1.1. Naziv/ime/Emri ________________________________________________________________ (Privredno društvo/preduzetnik/Shoqëria ekonomike/sipërmarrësi) \na. Sjedište/Selia _____________________ adresa__________________________________________ ULCINJ\n\t\t\t03719073  ____________ \tb. Broj i datum rješenja o upisu u Centralni Registar Privrednog Suda__________________________ Numri dhe data e aktvendimit të regjistrimit ...šenjem znaka X/Subjekti i fletëparaqitjes shënohet me shenjënX; \nPodaci o vrsti poslovne prostorije (tač. 2 i 3) popunjavaju se unošenjem znaka X na odgovarajućem mjestu/Të dhënat për ambientin afarist (pika 2 dhe 3) plotësohen duke shënuar shenjën X në vendin përkatës; \n***Izjava se odnosi i na uslove kod promjene podataka/Deklarata ka të bëjë edhe me kushtet te ndryshimi i të dhënave. \nDokaz o izvršenoj uplati administrativne takse od/Dëshminë e pagesës së taksës administrative prej 3,00 €, ŽR/XhLl 540-82567770-12 – Opština Ulcinj/Komuna e Ulqinit \n\nCRNA GORA                                                                                                     Adresa: Bul.Đ.Kastrioti Skenderbeg  MALI I ZI                                                                                                           85360  Ulcinj, Crna Gora  Opština Ulcinj                                                                                                     tel. 412-206 \n Komuna Ulqin                                                                                                     www.ul-gov.me \n- zanatska djelatnost/aktiviteti zejtar \n____________________________________________ ', {'adresa': 'BRAJSA BB', 'aktivna': True, 'banka': 'PRVA BANKA', 'created_at': '2026-05-21T13:11:39.267041+00:00', ...})
     +    where _naziv_present = &lt;test_document_generation.TestConvertedFromPdf object at 0xfd0cbefea0d0&gt;._naziv_present</failure></testcase><testcase classname="backend.tests.test_document_generation.TestConvertedFromPdf" name="test_brisevi" time="0.984" /><testcase classname="backend.tests.test_document_generation.TestConvertedFromPdf" name="test_hrana" time="1.029" /><testcase classname="backend.tests.test_document_generation.TestConvertedFromPdf" name="test_voda" time="0.168"><failure message="AssertionError: Generate failed for Zahtjev za uzorkovanje i ispitivanje - VODA ZA PICE.docx: 500 Internal Server Error&#10;assert 500 == 200&#10; +  where 500 = &lt;Response [500]&gt;.status_code">E   AssertionError: Generate failed for Zahtjev za uzorkovanje i ispitivanje - VODA ZA PICE.docx: 500 Internal Server Error
    assert 500 == 200
     +  where 500 = &lt;Response [500]&gt;.status_code</failure></testcase><testcase classname="backend.tests.test_document_generation.TestConvertedFromPdf" name="test_kazneno_fizicko_employee" time="0.930"><failure message="AssertionError: Expected employee IME 'VESEL' in text&#10;assert 'VESEL' in '\n\t\t\t\t\t\t\t\t\t\t\t\t\t MINISTARSTVU PRAVDE \n\t\t\t\t\t\t\t\t\tNA OSNOVU ČLANA 123 KRIVIČNOG ZAKONIKA PODNOSIM \n\t\t\t\tZAHTJEV ZA DOSTAVLJANJE PODATAKA IZ KAZNENE \t\t\t\t\t\t\t\t\t\t\t\t\t\tEVIDENCIJE ZA FIZIČKO LICE \nIME___________________________________________________________________ MIRSADA \nPREZIME______________________________________________________________ CEKOVIQ \nDJEVOJAČKO PREZIME______________________________________________________ DAN, MJESEC I GODINA ROĐENJA_______________________________________________ ____________ \nMJESTO ROĐENJA___________________________________________________________ BAR \nOPŠTINA ROĐENJA__________________________________________________________ BAR \nDRŽAVA ROĐENJA___________________________________________________________ CRNA GORA JMB ILI BROJ PASOŠA_______________________________________________________ 2603972228013 \nIME I PREZIME OCA________________________________________________________ ________________ \nIME I PREZIME MAJKE______________________________________________________ ________________ \nADRESA PREBIVALIŠTA_______________________________________________________ BRAJSA BB, ULCINJ ADRESA BORAVIŠTA______________...LCINJ \nSVRHA ZA KOJU SE TRAŽE PODACI IZ KAZNENE EVIDENCIJE (ZAKONSKI OSNOV I OBRAZLOŽENJE ZAHTJEVA) \n_______________________________________________________________________ DOBIJANJE DOZVOLE ZA TRGOVINU NA MALO DUVANSKIM PROIZVODIMA \nDRŽAVA U KOJOJ SE ŽELI OSTVARITI PRAVO:  ________________________________________ \t\t\t\t\t\t\t\t\t\t\t\t\t\t\t\t_________________________ MIRSADA CEKOVIQ \n\t\t\t\t\t\t\t\t\t\t\t\t\t\t\t\t\t\t(PODNOSILAC ZAHTJEVA) \t\t\t\t\t\t\t\t\t\t\t\t\t\t\t\t_________________________ \t\t\t\t\t\t\t\t\t\t\t\t\t\t\t\t\t\t\t(JMB ILI BROJ PASOŠA) NAČIN PREUZIMANJA UVJERENJA: (ZAOKRUŽITI)\nPRILOG: - FOTOKOPIJA LIČNE KARTE ILI PASOŠA LICA NA KOGA GLASI UVJERENJE \n\t - ZA IZVRŠNOG DIREKTORA U PRAVNOM LICU POTREBNO JE STAVITI PEČAT FIRME NA ZAHTJEVU ( UČEŠĆE NA TENDERU I SL. ) I IZVOD IZ CRPS-A ( NE STARIJI OD 15 DANA ) \n\t - TAKSA U IZNOSU OD  3,00  EURA.BROJ Ž.R. 832-3161233-91 \n\t - FOTOKOPIJA LIČNE KARTE ILI PASOŠA PODNOSIOCA ZAHTJEVA \n\n\n\n1)LIČNO \n2)POŠTOM (ADRESA) __________________________________________________ BRAJSA BB, ULCINJ\n3)OVLAŠĆENO LICE SA OVJERENIM PUNOMOĆJEM \n4)EDOSTAVA (SLANJE UVJERENJA–ISKLJUČIVO PREKO SERVISA HTTPS://WWW.EDOSTAVA.ME).'">E   AssertionError: Expected employee IME 'VESEL' in text
    assert 'VESEL' in '\n\t\t\t\t\t\t\t\t\t\t\t\t\t MINISTARSTVU PRAVDE \n\t\t\t\t\t\t\t\t\tNA OSNOVU ČLANA 123 KRIVIČNOG ZAKONIKA PODNOSIM \n\t\t\t\tZAHTJEV ZA DOSTAVLJANJE PODATAKA IZ KAZNENE \t\t\t\t\t\t\t\t\t\t\t\t\t\tEVIDENCIJE ZA FIZIČKO LICE \nIME___________________________________________________________________ MIRSADA \nPREZIME______________________________________________________________ CEKOVIQ \nDJEVOJAČKO PREZIME______________________________________________________ DAN, MJESEC I GODINA ROĐENJA_______________________________________________ ____________ \nMJESTO ROĐENJA___________________________________________________________ BAR \nOPŠTINA ROĐENJA__________________________________________________________ BAR \nDRŽAVA ROĐENJA___________________________________________________________ CRNA GORA JMB ILI BROJ PASOŠA_______________________________________________________ 2603972228013 \nIME I PREZIME OCA________________________________________________________ ________________ \nIME I PREZIME MAJKE______________________________________________________ ________________ \nADRESA PREBIVALIŠTA_______________________________________________________ BRAJSA BB, ULCINJ ADRESA BORAVIŠTA______________...LCINJ \nSVRHA ZA KOJU SE TRAŽE PODACI IZ KAZNENE EVIDENCIJE (ZAKONSKI OSNOV I OBRAZLOŽENJE ZAHTJEVA) \n_______________________________________________________________________ DOBIJANJE DOZVOLE ZA TRGOVINU NA MALO DUVANSKIM PROIZVODIMA \nDRŽAVA U KOJOJ SE ŽELI OSTVARITI PRAVO:  ________________________________________ \t\t\t\t\t\t\t\t\t\t\t\t\t\t\t\t_________________________ MIRSADA CEKOVIQ \n\t\t\t\t\t\t\t\t\t\t\t\t\t\t\t\t\t\t(PODNOSILAC ZAHTJEVA) \t\t\t\t\t\t\t\t\t\t\t\t\t\t\t\t_________________________ \t\t\t\t\t\t\t\t\t\t\t\t\t\t\t\t\t\t\t(JMB ILI BROJ PASOŠA) NAČIN PREUZIMANJA UVJERENJA: (ZAOKRUŽITI)\nPRILOG: - FOTOKOPIJA LIČNE KARTE ILI PASOŠA LICA NA KOGA GLASI UVJERENJE \n\t - ZA IZVRŠNOG DIREKTORA U PRAVNOM LICU POTREBNO JE STAVITI PEČAT FIRME NA ZAHTJEVU ( UČEŠĆE NA TENDERU I SL. ) I IZVOD IZ CRPS-A ( NE STARIJI OD 15 DANA ) \n\t - TAKSA U IZNOSU OD  3,00  EURA.BROJ Ž.R. 832-3161233-91 \n\t - FOTOKOPIJA LIČNE KARTE ILI PASOŠA PODNOSIOCA ZAHTJEVA \n\n\n\n1)LIČNO \n2)POŠTOM (ADRESA) __________________________________________________ BRAJSA BB, ULCINJ\n3)OVLAŠĆENO LICE SA OVJERENIM PUNOMOĆJEM \n4)EDOSTAVA (SLANJE UVJERENJA–ISKLJUČIVO PREKO SERVISA HTTPS://WWW.EDOSTAVA.ME).'</failure></testcase><testcase classname="backend.tests.test_document_generation.TestConvertedFromPdf" name="test_registracija_bezbjednost_hrane" time="0.944" /><testcase classname="backend.tests.test_document_generation.TestRegression" name="test_ugovor_o_radu_zaposlenih" time="0.788" /><testcase classname="backend.tests.test_document_generation.TestRegression" name="test_aneks_generation" time="0.916" /></testsuite></testsuites>