<?xml version="1.0" encoding="utf-8"?><testsuites name="pytest tests"><testsuite name="pytest" errors="0" failures="2" skipped="0" tests="8" time="10.890" timestamp="2026-08-25T19:45:04.663708+00:00" hostname="agent-env-c7d54516-d522-4d1b-8983-00673a9efdde"><testcase classname="tests.test_direktor_replacement_scope" name="test_prestanak_signature_keeps_izvrsni_direktor" time="2.010" /><testcase classname="tests.test_direktor_replacement_scope" name="test_prestanak_signature_other_position" time="1.145" /><testcase classname="tests.test_direktor_replacement_scope" name="test_odluka_imenovanje_direktora_with_director" time="1.054"><failure message="AssertionError: Sample name not replaced: ['Na osnovu odredbi Zakona o privrednim društvima (&quot;Službeni list Crne Gore&quot;, br. 090/25 od 06.08.2025 godine) Osnivač DRUŠTVO SA OGRANIČENOM ODGOVORNOŠĆU ZA PROIZVODNJU, PROMET I USLUGE &quot;CASTELLOTRIO DOO &quot; ULCINJ , (u daljem tekstu: „Društvo“), ARJANA CEKOVIQ  iz Crne Gore JMB:2012985225015, sa adresom BRAJŠE   BB.ULCINJ , dana 12.05.2026  godine, donosi', 'Za direktora Društva imenuje se ARJANA CEKOVIQ  ,JMB:2012985225015  iz Crne Gore, adresa prebivališta  BRAJŠE   BB.ULCINJ.', 'ARJANA CEKOVIQ']&#10;assert 'ARJANA CEKOVIQ' not in 'NA OSNOVU O...____________'&#10;  &#10;  'ARJANA CEKOVIQ' is contained here:&#10;    NA OSNOVU ODREDBI ZAKONA O PRIVREDNIM DRUŠTVIMA (&quot;SLUŽBENI LIST CRNE GORE&quot;, BR. 090/25 OD 06.08.2025 GODINE) OSNIVAČ DRUŠTVO SA OGRANIČENOM ODGOVORNOŠĆU ZA PROIZVODNJU, PROMET I USLUGE &quot;CASTELLOTRIO DOO &quot; ULCINJ , (U DALJEM TEKSTU: „DRUŠTVO“), ARJANA CEKOVIQ  IZ CRNE GORE JMB:2012985225015, SA ADRESOM BRAJŠE   BB.ULCINJ , DANA 12.05.2026  GODINE, DONOSI&#10;  ?                                                                                                                                                                                                   ...&#10;  &#10;  ...Full output truncated (16 lines hidden), use '-vv' to show">tests/test_direktor_replacement_scope.py:138: in test_odluka_imenovanje_direktora_with_director
    assert "ARJANA CEKOVIQ" not in joined.upper(), \
E   AssertionError: Sample name not replaced: ['Na osnovu odredbi Zakona o privrednim društvima ("Službeni list Crne Gore", br. 090/25 od 06.08.2025 godine) Osnivač DRUŠTVO SA OGRANIČENOM ODGOVORNOŠĆU ZA PROIZVODNJU, PROMET I USLUGE "CASTELLOTRIO DOO " ULCINJ , (u daljem tekstu: „Društvo“), ARJANA CEKOVIQ  iz Crne Gore JMB:2012985225015, sa adresom BRAJŠE   BB.ULCINJ , dana 12.05.2026  godine, donosi', 'Za direktora Društva imenuje se ARJANA CEKOVIQ  ,JMB:2012985225015  iz Crne Gore, adresa prebivališta  BRAJŠE   BB.ULCINJ.', 'ARJANA CEKOVIQ']
E   assert 'ARJANA CEKOVIQ' not in 'NA OSNOVU O...____________'
E     
E     'ARJANA CEKOVIQ' is contained here:
E       NA OSNOVU ODREDBI ZAKONA O PRIVREDNIM DRUŠTVIMA ("SLUŽBENI LIST CRNE GORE", BR. 090/25 OD 06.08.2025 GODINE) OSNIVAČ DRUŠTVO SA OGRANIČENOM ODGOVORNOŠĆU ZA PROIZVODNJU, PROMET I USLUGE "CASTELLOTRIO DOO " ULCINJ , (U DALJEM TEKSTU: „DRUŠTVO“), ARJANA CEKOVIQ  IZ CRNE GORE JMB:2012985225015, SA ADRESOM BRAJŠE   BB.ULCINJ , DANA 12.05.2026  GODINE, DONOSI
E     ?                                                                                                                                                                                                   ...
E     
E     ...Full output truncated (16 lines hidden), use '-vv' to show</failure></testcase><testcase classname="tests.test_direktor_replacement_scope" name="test_imenovanje_pozar_signature_label" time="1.529"><failure message="AssertionError: Standalone signature line 'DIREKTOR' was replaced by employee position. Tail: ['ČLAN 5', 'OVA ODLUKA STUPA NA SNAGU DANOM DONOŠENJA.', 'DANOM STUPANJA NA SNAGU OVE ODLUKE PRESTAJU DA VAŽE SVE RANIJE ODLUKE KOJE SU UREĐIVALE OVU OBLAST.', 'PRODAVAC', '(IME I PREZIME)', 'M.P.']&#10;assert 'DIREKTOR' in ['NA OSNOVU ČLANA  ZAKONA O ZAŠTITI I SPAŠAVANJU CRNE GORE I STATUTA DRUŠTVA CASTELLOTRIO DOO PIB:03765873 , DIREKTOR DRUŠTVA DANA 25.08.2026  GODINE DONOSI:', 'ODLUKU', 'O IMENOVANJU LICA ODGOVORNOG ZA ZAŠTITU OD POŽARA', 'ČLAN 1', 'ZA LICE ODGOVORNO ZA SPROVOĐENJE MJERA ZAŠTITE OD POŽARA U PRIVREDNOM DRUŠTVU:', 'TEST PRODAVACCETIRI  RADNO MJESTO: PRODAVAC  IMENUJE SE ZA ODGOVORNO LICE ZA ZAŠTITU OD POŽARA.', ...]">tests/test_direktor_replacement_scope.py:154: in test_imenovanje_pozar_signature_label
    assert "DIREKTOR" in stripped, \
E   AssertionError: Standalone signature line 'DIREKTOR' was replaced by employee position. Tail: ['ČLAN 5', 'OVA ODLUKA STUPA NA SNAGU DANOM DONOŠENJA.', 'DANOM STUPANJA NA SNAGU OVE ODLUKE PRESTAJU DA VAŽE SVE RANIJE ODLUKE KOJE SU UREĐIVALE OVU OBLAST.', 'PRODAVAC', '(IME I PREZIME)', 'M.P.']
E   assert 'DIREKTOR' in ['NA OSNOVU ČLANA  ZAKONA O ZAŠTITI I SPAŠAVANJU CRNE GORE I STATUTA DRUŠTVA CASTELLOTRIO DOO PIB:03765873 , DIREKTOR DRUŠTVA DANA 25.08.2026  GODINE DONOSI:', 'ODLUKU', 'O IMENOVANJU LICA ODGOVORNOG ZA ZAŠTITU OD POŽARA', 'ČLAN 1', 'ZA LICE ODGOVORNO ZA SPROVOĐENJE MJERA ZAŠTITE OD POŽARA U PRIVREDNOM DRUŠTVU:', 'TEST PRODAVACCETIRI  RADNO MJESTO: PRODAVAC  IMENUJE SE ZA ODGOVORNO LICE ZA ZAŠTITU OD POŽARA.', ...]</failure></testcase><testcase classname="tests.test_rjesenje_prestanak_override" name="test_override_from_modal" time="1.566" /><testcase classname="tests.test_rjesenje_prestanak_override" name="test_employee_datum_prestanka_used" time="1.108" /><testcase classname="tests.test_rjesenje_prestanak_override" name="test_fallback_to_today" time="1.052" /><testcase classname="tests.test_rjesenje_prestanak_override" name="test_empty_override_falls_back_to_employee" time="1.297" /></testsuite></testsuites>