<?xml version="1.0" encoding="utf-8"?><testsuites name="pytest tests"><testsuite name="pytest" errors="0" failures="1" skipped="0" tests="78" time="46.250" timestamp="2026-08-25T19:46:13.311177+00:00" hostname="agent-env-c7d54516-d522-4d1b-8983-00673a9efdde"><testcase classname="tests.backend_test.TestAuth" name="test_login_success" time="0.880" /><testcase classname="tests.backend_test.TestAuth" name="test_login_wrong_password" time="0.364" /><testcase classname="tests.backend_test.TestAuth" name="test_login_unknown_user" time="0.135" /><testcase classname="tests.backend_test.TestAuth" name="test_me_with_token" time="0.496" /><testcase classname="tests.backend_test.TestAuth" name="test_me_without_token" time="0.304" /><testcase classname="tests.backend_test.TestAgency" name="test_get_agency_returns_default" time="0.147" /><testcase classname="tests.backend_test.TestAgency" name="test_update_agency" time="0.508" /><testcase classname="tests.backend_test.TestCompanies" name="test_create_get_update_delete" time="1.213" /><testcase classname="tests.backend_test.TestCompanies" name="test_duplicate_pib_returns_400" time="0.485" /><testcase classname="tests.backend_test.TestCompanies" name="test_search_filter" time="0.174" /><testcase classname="tests.backend_test.TestCompanies" name="test_pdv_only_filter" time="0.139" /><testcase classname="tests.backend_test.TestCompanies" name="test_ioppd_only_filter" time="2.009" /><testcase classname="tests.backend_test.TestIRMS" name="test_lookup_valid_pib_does_not_crash" time="0.889" /><testcase classname="tests.backend_test.TestIRMS" name="test_lookup_invalid_pib_returns_400" time="0.125" /><testcase classname="tests.backend_test.TestIRMS" name="test_lookup_empty_pib_returns_400" time="0.120" /><testcase classname="tests.backend_test.TestEmployees" name="test_employee_crud" time="0.849" /><testcase classname="tests.backend_test.TestEmployees" name="test_employee_invalid_company_returns_400" time="0.148" /><testcase classname="tests.backend_test.TestTemplates" name="test_list_templates" time="0.216" /><testcase classname="tests.backend_test.TestDocumentGeneration" name="test_generate_and_download" time="1.317" /><testcase classname="tests.backend_test.TestDocumentGeneration" name="test_generate_unknown_template_returns_404" time="0.152" /><testcase classname="tests.backend_test.TestDocumentGeneration" name="test_generate_non_docx_returns_400" time="0.327" /><testcase classname="tests.backend_test.TestPDVTracking" name="test_get_pdv_tracking" time="0.202" /><testcase classname="tests.backend_test.TestPDVTracking" name="test_update_pdv_tracking" time="0.544" /><testcase classname="tests.backend_test.TestStats" name="test_stats_shape" time="0.130" /><testcase classname="tests.test_companies_lookup" name="test_create_company_unique_pib" time="0.926" /><testcase classname="tests.test_companies_lookup" name="test_create_company_existing_pib_returns_400" time="0.164" /><testcase classname="tests.test_companies_lookup" name="test_lookup_pib_existing_graceful" time="0.799" /><testcase classname="tests.test_companies_lookup" name="test_lookup_pib_invalid_short" time="0.141" /><testcase classname="tests.test_direktor_replacement_scope" name="test_prestanak_signature_keeps_izvrsni_direktor" time="1.659" /><testcase classname="tests.test_direktor_replacement_scope" name="test_prestanak_signature_other_position" time="1.174" /><testcase classname="tests.test_direktor_replacement_scope" name="test_odluka_imenovanje_direktora_with_director" time="1.076" /><testcase classname="tests.test_direktor_replacement_scope" name="test_imenovanje_pozar_signature_label" time="1.398"><failure message="AssertionError: Standalone signature line 'DIREKTOR' was replaced by employee position. Tail: ['ČLAN 5', 'OVA ODLUKA STUPA NA SNAGU DANOM DONOŠENJA.', 'DANOM STUPANJA NA SNAGU OVE ODLUKE PRESTAJU DA VAŽE SVE RANIJE ODLUKE KOJE SU UREĐIVALE OVU OBLAST.', 'PRODAVAC', '(IME I PREZIME)', 'M.P.']&#10;assert 'DIREKTOR' in ['NA OSNOVU ČLANA  ZAKONA O ZAŠTITI I SPAŠAVANJU CRNE GORE I STATUTA DRUŠTVA CASTELLOTRIO DOO PIB:03765873 , DIREKTOR DRUŠTVA DANA 25.08.2026  GODINE DONOSI:', 'ODLUKU', 'O IMENOVANJU LICA ODGOVORNOG ZA ZAŠTITU OD POŽARA', 'ČLAN 1', 'ZA LICE ODGOVORNO ZA SPROVOĐENJE MJERA ZAŠTITE OD POŽARA U PRIVREDNOM DRUŠTVU:', 'TEST PRODAVACCETIRI  RADNO MJESTO: PRODAVAC  IMENUJE SE ZA ODGOVORNO LICE ZA ZAŠTITU OD POŽARA.', ...]">E   AssertionError: Standalone signature line 'DIREKTOR' was replaced by employee position. Tail: ['ČLAN 5', 'OVA ODLUKA STUPA NA SNAGU DANOM DONOŠENJA.', 'DANOM STUPANJA NA SNAGU OVE ODLUKE PRESTAJU DA VAŽE SVE RANIJE ODLUKE KOJE SU UREĐIVALE OVU OBLAST.', 'PRODAVAC', '(IME I PREZIME)', 'M.P.']
    assert 'DIREKTOR' in ['NA OSNOVU ČLANA  ZAKONA O ZAŠTITI I SPAŠAVANJU CRNE GORE I STATUTA DRUŠTVA CASTELLOTRIO DOO PIB:03765873 , DIREKTOR DRUŠTVA DANA 25.08.2026  GODINE DONOSI:', 'ODLUKU', 'O IMENOVANJU LICA ODGOVORNOG ZA ZAŠTITU OD POŽARA', 'ČLAN 1', 'ZA LICE ODGOVORNO ZA SPROVOĐENJE MJERA ZAŠTITE OD POŽARA U PRIVREDNOM DRUŠTVU:', 'TEST PRODAVACCETIRI  RADNO MJESTO: PRODAVAC  IMENUJE SE ZA ODGOVORNO LICE ZA ZAŠTITU OD POŽARA.', ...]</failure></testcase><testcase classname="tests.test_document_generation.TestAuthAndTemplates" name="test_login" time="0.439" /><testcase classname="tests.test_document_generation.TestAuthAndTemplates" name="test_templates_count" time="0.525" /><testcase classname="tests.test_document_generation.TestMsg292DatumBehavior" name="test_obavjestenje_prigovora_one_page" time="1.208" /><testcase classname="tests.test_document_generation.TestMsg292DatumBehavior" name="test_rjesenje_godisnjeg_odmora_blank_datum" time="1.026" /><testcase classname="tests.test_document_generation.TestMsg292DatumBehavior" name="test_odluka_blagajnicki_maksimum_today" time="1.041" /><testcase classname="tests.test_document_generation.TestMsg292DatumBehavior" name="test_odluka_popust_prodavnicu_today" time="0.960" /><testcase classname="tests.test_document_generation.TestMsg292DatumBehavior" name="test_odluka_podizanje_novca_ziro_racun" time="0.887" /><testcase classname="tests.test_document_generation.TestMsg292DatumBehavior" name="test_rjesenje_prestanak_uses_datum_kraja" time="1.160" /><testcase classname="tests.test_document_generation.TestMsg292DatumBehavior" name="test_obrazlozenje_poreska" time="0.973" /><testcase classname="tests.test_document_generation.TestMsg292DatumBehavior" name="test_pojedinacno_obavjestenje_mobing" time="0.954" /><testcase classname="tests.test_document_generation.TestMsg292DatumBehavior" name="test_izjava_zaposlenog_upoznavanje" time="0.999" /><testcase classname="tests.test_document_generation.TestConvertedFromPdf" name="test_prijava_zanatstva" time="0.222" /><testcase classname="tests.test_document_generation.TestConvertedFromPdf" name="test_brisevi" time="0.198" /><testcase classname="tests.test_document_generation.TestConvertedFromPdf" name="test_hrana" time="0.169" /><testcase classname="tests.test_document_generation.TestConvertedFromPdf" name="test_voda" time="0.171" /><testcase classname="tests.test_document_generation.TestConvertedFromPdf" name="test_kazneno_fizicko_employee" time="1.120" /><testcase classname="tests.test_document_generation.TestConvertedFromPdf" name="test_registracija_bezbjednost_hrane" time="1.068" /><testcase classname="tests.test_document_generation.TestRegression" name="test_ugovor_o_radu_zaposlenih" time="0.907" /><testcase classname="tests.test_document_generation.TestRegression" name="test_aneks_generation" time="0.985" /><testcase classname="tests.test_dopunski_doo.TestDopunskiDooBug" name="test_no_double_doo" time="1.420" /><testcase classname="tests.test_dopunski_doo.TestDopunskiDooBug" name="test_clan_1_correct_poslodavca" time="0.088" /><testcase classname="tests.test_dopunski_doo.TestDopunskiDooBug" name="test_signature_has_naziv_skraceni" time="0.000" /><testcase classname="tests.test_dopunski_doo.TestDopunskiDooBug" name="test_no_regression_employee_name" time="0.100" /><testcase classname="tests.test_dopunski_doo.TestDopunskiDooBug" name="test_no_regression_primary_employer" time="0.000" /><testcase classname="tests.test_dopunski_doo.TestDopunskiDooBug" name="test_no_regression_dopunski_mjesto_rada" time="0.000" /><testcase classname="tests.test_dopunski_doo.TestDopunskiDooBug" name="test_no_regression_5_radnih_dana" time="0.000" /><testcase classname="tests.test_dopunski_doo.TestDopunskiDooBug" name="test_no_regression_do_10_u_mjesecu" time="0.000" /><testcase classname="tests.test_dopunski_doo.TestDopunskiDooBug" name="test_no_unresolved_placeholders" time="0.000" /><testcase classname="tests.test_dopunski_signature_wrap.TestSignatureWrapFix" name="test_label_paragraph_uses_tab" time="1.469" /><testcase classname="tests.test_dopunski_signature_wrap.TestSignatureWrapFix" name="test_name_paragraph_uses_tab" time="0.152" /><testcase classname="tests.test_dopunski_signature_wrap.TestSignatureWrapFix" name="test_no_placeholder_and_naziv_contiguous" time="0.011" /><testcase classname="tests.test_dopunski_signature_wrap.TestSignatureWrapFix" name="test_no_doo_doo_regression" time="0.013" /><testcase classname="tests.test_dopunski_signature_wrap.TestSignatureWrapFix" name="test_right_tab_stop_9071_in_name_paragraph_pPr" time="0.012" /><testcase classname="tests.test_dopunski_signature_wrap.TestSignatureWrapFix" name="test_right_tab_stop_in_label_paragraph_pPr" time="0.011" /><testcase classname="tests.test_rjesenje_prestanak_override" name="test_override_from_modal" time="1.488" /><testcase classname="tests.test_rjesenje_prestanak_override" name="test_employee_datum_prestanka_used" time="1.087" /><testcase classname="tests.test_rjesenje_prestanak_override" name="test_fallback_to_today" time="1.056" /><testcase classname="tests.test_rjesenje_prestanak_override" name="test_empty_override_falls_back_to_employee" time="1.373" /><testcase classname="tests.test_statut_izvrsni_direktor.TestStatutIzvrsniDirektor" name="test_no_izvrsn_substring_in_xml" time="0.006" /><testcase classname="tests.test_statut_izvrsni_direktor.TestStatutIzvrsniDirektor" name="test_no_izvrsn_in_paragraphs" time="0.044" /><testcase classname="tests.test_statut_izvrsni_direktor.TestStatutIzvrsniDirektor" name="test_direktora_drustva_phrase_present" time="0.000" /><testcase classname="tests.test_statut_izvrsni_direktor.TestStatutIzvrsniDirektor" name="test_direktor_mora_osigurati_phrase_present" time="0.000" /><testcase classname="tests.test_statut_izvrsni_direktor.TestStatutIzvrsniDirektor" name="test_direktor_word_still_present" time="0.000" /><testcase classname="tests.test_ugovor_signature_wrap.TestZaposlenihSignature" name="test_signature_paragraphs" time="1.404" /><testcase classname="tests.test_ugovor_signature_wrap.TestDirektorSignature" name="test_signature_paragraphs" time="0.931" /><testcase classname="tests.test_ugovor_signature_wrap.TestDopunskiRegression" name="test_no_doo_doo" time="1.134" /></testsuite></testsuites>