<?xml version="1.0" encoding="utf-8"?><testsuites name="pytest tests"><testsuite name="pytest" errors="0" failures="0" skipped="0" tests="4" time="7.335" timestamp="2026-08-25T19:40:18.555324+00:00" hostname="agent-env-c7d54516-d522-4d1b-8983-00673a9efdde"><testcase classname="tests.test_rjesenje_prestanak_override" name="test_override_from_modal" time="3.447" /><testcase classname="tests.test_rjesenje_prestanak_override" name="test_employee_datum_prestanka_used" time="1.195" /><testcase classname="tests.test_rjesenje_prestanak_override" name="test_fallback_to_today" time="1.296" /><testcase classname="tests.test_rjesenje_prestanak_override" name="test_empty_override_falls_back_to_employee" time="1.288" /></testsuite></testsuites>