<?xml version="1.0" encoding="utf-8"?><testsuites name="pytest tests"><testsuite name="pytest" errors="0" failures="0" skipped="0" tests="5" time="0.090" timestamp="2026-08-09T13:54:58.488086+00:00" hostname="agent-env-c7d54516-d522-4d1b-8983-00673a9efdde"><testcase classname="backend.tests.test_statut_izvrsni_direktor.TestStatutIzvrsniDirektor" name="test_no_izvrsn_substring_in_xml" time="0.006" /><testcase classname="backend.tests.test_statut_izvrsni_direktor.TestStatutIzvrsniDirektor" name="test_no_izvrsn_in_paragraphs" time="0.038" /><testcase classname="backend.tests.test_statut_izvrsni_direktor.TestStatutIzvrsniDirektor" name="test_direktora_drustva_phrase_present" time="0.000" /><testcase classname="backend.tests.test_statut_izvrsni_direktor.TestStatutIzvrsniDirektor" name="test_direktor_mora_osigurati_phrase_present" time="0.000" /><testcase classname="backend.tests.test_statut_izvrsni_direktor.TestStatutIzvrsniDirektor" name="test_direktor_word_still_present" time="0.001" /></testsuite></testsuites>