<?xml version="1.0" encoding="utf-8"?><testsuites name="pytest tests"><testsuite name="pytest" errors="0" failures="0" skipped="0" tests="29" time="19.451" timestamp="2026-08-25T20:19:50.767253+00:00" hostname="agent-env-c7d54516-d522-4d1b-8983-00673a9efdde"><testcase classname="tests.test_dopunski_doo.TestDopunskiDooBug" name="test_no_double_doo" time="1.411" /><testcase classname="tests.test_dopunski_doo.TestDopunskiDooBug" name="test_clan_1_correct_poslodavca" time="0.061" /><testcase classname="tests.test_dopunski_doo.TestDopunskiDooBug" name="test_signature_has_naziv_skraceni" time="0.000" /><testcase classname="tests.test_dopunski_doo.TestDopunskiDooBug" name="test_no_regression_employee_name" time="0.065" /><testcase classname="tests.test_dopunski_doo.TestDopunskiDooBug" name="test_no_regression_primary_employer" time="0.000" /><testcase classname="tests.test_dopunski_doo.TestDopunskiDooBug" name="test_no_regression_dopunski_mjesto_rada" time="0.000" /><testcase classname="tests.test_dopunski_doo.TestDopunskiDooBug" name="test_no_regression_5_radnih_dana" time="0.000" /><testcase classname="tests.test_dopunski_doo.TestDopunskiDooBug" name="test_no_regression_do_10_u_mjesecu" time="0.000" /><testcase classname="tests.test_dopunski_doo.TestDopunskiDooBug" name="test_no_unresolved_placeholders" time="0.000" /><testcase classname="tests.test_ugovor_signature_wrap.TestZaposlenihSignature" name="test_signature_paragraphs" time="1.227" /><testcase classname="tests.test_ugovor_signature_wrap.TestDirektorSignature" name="test_signature_paragraphs" time="0.809" /><testcase classname="tests.test_ugovor_signature_wrap.TestDopunskiRegression" name="test_no_doo_doo" time="0.893" /><testcase classname="tests.test_statut_izvrsni_direktor.TestStatutIzvrsniDirektor" name="test_no_izvrsn_substring_in_xml" time="0.006" /><testcase classname="tests.test_statut_izvrsni_direktor.TestStatutIzvrsniDirektor" name="test_no_izvrsn_in_paragraphs" time="0.038" /><testcase classname="tests.test_statut_izvrsni_direktor.TestStatutIzvrsniDirektor" name="test_direktora_drustva_phrase_present" time="0.000" /><testcase classname="tests.test_statut_izvrsni_direktor.TestStatutIzvrsniDirektor" name="test_direktor_mora_osigurati_phrase_present" time="0.000" /><testcase classname="tests.test_statut_izvrsni_direktor.TestStatutIzvrsniDirektor" name="test_direktor_word_still_present" time="0.001" /><testcase classname="tests.test_rjesenje_prestanak_override" name="test_override_from_modal" time="1.424" /><testcase classname="tests.test_rjesenje_prestanak_override" name="test_employee_datum_prestanka_used" time="1.085" /><testcase classname="tests.test_rjesenje_prestanak_override" name="test_fallback_to_today" time="1.040" /><testcase classname="tests.test_rjesenje_prestanak_override" name="test_empty_override_falls_back_to_employee" time="1.346" /><testcase classname="tests.test_direktor_replacement_scope" name="test_prestanak_signature_keeps_izvrsni_direktor" time="1.483" /><testcase classname="tests.test_direktor_replacement_scope" name="test_prestanak_signature_other_position" time="0.941" /><testcase classname="tests.test_direktor_replacement_scope" name="test_odluka_imenovanje_direktora_with_director" time="0.927" /><testcase classname="tests.test_direktor_replacement_scope" name="test_imenovanje_pozar_signature_label" time="1.531" /><testcase classname="tests.test_direktor_replacement_scope" name="test_imenovanje_mobing_signature_label" time="1.848" /><testcase classname="tests.test_direktor_replacement_scope" name="test_imenovanje_zastita_na_radu_signature_label" time="0.947" /><testcase classname="tests.test_direktor_replacement_scope" name="test_ugovor_o_radu_direktor_generates" time="0.851" /><testcase classname="tests.test_direktor_replacement_scope" name="test_ugovor_o_radu_direktor_with_director_employee" time="1.408" /></testsuite></testsuites>