<?xml version="1.0" encoding="utf-8"?><testsuites name="pytest tests"><testsuite name="pytest" errors="0" failures="0" skipped="0" tests="9" time="1.623" timestamp="2026-08-02T16:51:08.207641+00:00" hostname="agent-env-c7d54516-d522-4d1b-8983-00673a9efdde"><testcase classname="backend.tests.test_dopunski_doo.TestDopunskiDooBug" name="test_no_double_doo" time="1.429" /><testcase classname="backend.tests.test_dopunski_doo.TestDopunskiDooBug" name="test_clan_1_correct_poslodavca" time="0.045" /><testcase classname="backend.tests.test_dopunski_doo.TestDopunskiDooBug" name="test_signature_has_naziv_skraceni" time="0.000" /><testcase classname="backend.tests.test_dopunski_doo.TestDopunskiDooBug" name="test_no_regression_employee_name" time="0.044" /><testcase classname="backend.tests.test_dopunski_doo.TestDopunskiDooBug" name="test_no_regression_primary_employer" time="0.000" /><testcase classname="backend.tests.test_dopunski_doo.TestDopunskiDooBug" name="test_no_regression_dopunski_mjesto_rada" time="0.000" /><testcase classname="backend.tests.test_dopunski_doo.TestDopunskiDooBug" name="test_no_regression_5_radnih_dana" time="0.000" /><testcase classname="backend.tests.test_dopunski_doo.TestDopunskiDooBug" name="test_no_regression_do_10_u_mjesecu" time="0.000" /><testcase classname="backend.tests.test_dopunski_doo.TestDopunskiDooBug" name="test_no_unresolved_placeholders" time="0.000" /></testsuite></testsuites>