<?xml version="1.0" encoding="utf-8"?><testsuites name="pytest tests"><testsuite name="pytest" errors="0" failures="0" skipped="0" tests="24" time="8.230" timestamp="2026-05-21T12:33:16.451293+00:00" hostname="agent-env-c7d54516-d522-4d1b-8983-00673a9efdde"><testcase classname="backend.tests.backend_test.TestAuth" name="test_login_success" time="0.374" /><testcase classname="backend.tests.backend_test.TestAuth" name="test_login_wrong_password" time="0.339" /><testcase classname="backend.tests.backend_test.TestAuth" name="test_login_unknown_user" time="0.102" /><testcase classname="backend.tests.backend_test.TestAuth" name="test_me_with_token" time="0.455" /><testcase classname="backend.tests.backend_test.TestAuth" name="test_me_without_token" time="0.099" /><testcase classname="backend.tests.backend_test.TestAgency" name="test_get_agency_returns_default" time="0.097" /><testcase classname="backend.tests.backend_test.TestAgency" name="test_update_agency" time="0.361" /><testcase classname="backend.tests.backend_test.TestCompanies" name="test_create_get_update_delete" time="0.952" /><testcase classname="backend.tests.backend_test.TestCompanies" name="test_duplicate_pib_returns_400" time="0.313" /><testcase classname="backend.tests.backend_test.TestCompanies" name="test_search_filter" time="0.114" /><testcase classname="backend.tests.backend_test.TestCompanies" name="test_pdv_only_filter" time="0.104" /><testcase classname="backend.tests.backend_test.TestCompanies" name="test_ioppd_only_filter" time="0.104" /><testcase classname="backend.tests.backend_test.TestIRMS" name="test_lookup_valid_pib_does_not_crash" time="1.859" /><testcase classname="backend.tests.backend_test.TestIRMS" name="test_lookup_invalid_pib_returns_400" time="0.140" /><testcase classname="backend.tests.backend_test.TestIRMS" name="test_lookup_empty_pib_returns_400" time="0.101" /><testcase classname="backend.tests.backend_test.TestEmployees" name="test_employee_crud" time="0.714" /><testcase classname="backend.tests.backend_test.TestEmployees" name="test_employee_invalid_company_returns_400" time="0.125" /><testcase classname="backend.tests.backend_test.TestTemplates" name="test_list_templates" time="0.148" /><testcase classname="backend.tests.backend_test.TestDocumentGeneration" name="test_generate_and_download" time="0.413" /><testcase classname="backend.tests.backend_test.TestDocumentGeneration" name="test_generate_unknown_template_returns_404" time="0.111" /><testcase classname="backend.tests.backend_test.TestDocumentGeneration" name="test_generate_non_docx_returns_400" time="0.211" /><testcase classname="backend.tests.backend_test.TestPDVTracking" name="test_get_pdv_tracking" time="0.113" /><testcase classname="backend.tests.backend_test.TestPDVTracking" name="test_update_pdv_tracking" time="0.541" /><testcase classname="backend.tests.backend_test.TestStats" name="test_stats_shape" time="0.268" /></testsuite></testsuites>