<?xml version="1.0" encoding="utf-8"?><testsuites name="pytest tests"><testsuite name="pytest" errors="0" failures="0" skipped="0" tests="3" time="3.130" timestamp="2026-08-02T17:07:20.152298+00:00" hostname="agent-env-c7d54516-d522-4d1b-8983-00673a9efdde"><testcase classname="backend.tests.test_ugovor_signature_wrap.TestZaposlenihSignature" name="test_signature_paragraphs" time="1.435" /><testcase classname="backend.tests.test_ugovor_signature_wrap.TestDirektorSignature" name="test_signature_paragraphs" time="0.775" /><testcase classname="backend.tests.test_ugovor_signature_wrap.TestDopunskiRegression" name="test_no_doo_doo" time="0.811" /></testsuite></testsuites>