<?xml version="1.0" encoding="utf-8"?><testsuites name="pytest tests"><testsuite name="pytest" errors="0" failures="0" skipped="0" tests="4" time="2.340" timestamp="2026-08-05T16:44:16.195970+00:00" hostname="agent-env-c7d54516-d522-4d1b-8983-00673a9efdde"><testcase classname="backend.tests.test_companies_lookup" name="test_create_company_unique_pib" time="1.189" /><testcase classname="backend.tests.test_companies_lookup" name="test_create_company_existing_pib_returns_400" time="0.119" /><testcase classname="backend.tests.test_companies_lookup" name="test_lookup_pib_existing_graceful" time="0.832" /><testcase classname="backend.tests.test_companies_lookup" name="test_lookup_pib_invalid_short" time="0.118" /></testsuite></testsuites>