<?xml version="1.0" encoding="utf-8"?><testsuites name="pytest tests"><testsuite name="pytest" errors="0" failures="0" skipped="0" tests="15" time="3.003" timestamp="2026-08-02T17:03:13.258084+00:00" hostname="agent-env-c7d54516-d522-4d1b-8983-00673a9efdde"><testcase classname="backend.tests.test_dopunski_signature_wrap.TestSignatureWrapFix" name="test_label_paragraph_uses_tab" time="1.402" /><testcase classname="backend.tests.test_dopunski_signature_wrap.TestSignatureWrapFix" name="test_name_paragraph_uses_tab" time="0.103" /><testcase classname="backend.tests.test_dopunski_signature_wrap.TestSignatureWrapFix" name="test_no_placeholder_and_naziv_contiguous" time="0.011" /><testcase classname="backend.tests.test_dopunski_signature_wrap.TestSignatureWrapFix" name="test_no_doo_doo_regression" time="0.011" /><testcase classname="backend.tests.test_dopunski_signature_wrap.TestSignatureWrapFix" name="test_right_tab_stop_9071_in_name_paragraph_pPr" time="0.011" /><testcase classname="backend.tests.test_dopunski_signature_wrap.TestSignatureWrapFix" name="test_right_tab_stop_in_label_paragraph_pPr" time="0.011" /><testcase classname="backend.tests.test_dopunski_doo.TestDopunskiDooBug" name="test_no_double_doo" time="1.243" /><testcase classname="backend.tests.test_dopunski_doo.TestDopunskiDooBug" name="test_clan_1_correct_poslodavca" time="0.049" /><testcase classname="backend.tests.test_dopunski_doo.TestDopunskiDooBug" name="test_signature_has_naziv_skraceni" time="0.000" /><testcase classname="backend.tests.test_dopunski_doo.TestDopunskiDooBug" name="test_no_regression_employee_name" time="0.049" /><testcase classname="backend.tests.test_dopunski_doo.TestDopunskiDooBug" name="test_no_regression_primary_employer" time="0.000" /><testcase classname="backend.tests.test_dopunski_doo.TestDopunskiDooBug" name="test_no_regression_dopunski_mjesto_rada" time="0.000" /><testcase classname="backend.tests.test_dopunski_doo.TestDopunskiDooBug" name="test_no_regression_5_radnih_dana" time="0.000" /><testcase classname="backend.tests.test_dopunski_doo.TestDopunskiDooBug" name="test_no_regression_do_10_u_mjesecu" time="0.000" /><testcase classname="backend.tests.test_dopunski_doo.TestDopunskiDooBug" name="test_no_unresolved_placeholders" time="0.000" /></testsuite></testsuites>